<?xml version="1.0" encoding="UTF-8"?>
<!-- Generated by org.testng.reporters.JUnitReportReporter -->
<testsuite hostname="INBAWN172234" failures="0" tests="1" name="Training.sumvalidation" time="3.197" errors="0" timestamp="2024-11-08T11:22:42 IST" skipped="0">
  <testcase classname="Training.sumvalidation" name="sumvalidation" time="3.197"/>
</testsuite> <!-- Training.sumvalidation -->
