<?xml version="1.0" encoding="UTF-8"?>
<!-- Generated by org.testng.reporters.JUnitReportReporter -->
<testsuite hostname="INBAWN172234" failures="0" tests="5" name="Training.HTTPRequests" time="4.740" errors="0" timestamp="2024-07-09T11:43:59 IST" skipped="0">
  <testcase classname="Training.HTTPRequests" name="getUser" time="2.401"/>
  <testcase classname="Training.HTTPRequests" name="createuser" time="0.871"/>
  <testcase classname="Training.HTTPRequests" name="updateuser" time="0.522"/>
  <testcase classname="Training.HTTPRequests" name="deleteuser" time="0.487"/>
  <testcase classname="Training.HTTPRequests" name="createuserUsingJsonObject" time="0.459"/>
</testsuite> <!-- Training.HTTPRequests -->
